d:\c++\csit314\x64\debug\vc143.pdb
d:\c++\csit314\x64\debug\vc143.idb
d:\c++\csit314\x64\debug\admin.nativecodeanalysis.sarif
d:\c++\csit314\x64\debug\admin.nativecodeanalysis.xml
d:\c++\csit314\x64\debug\database.nativecodeanalysis.sarif
d:\c++\csit314\x64\debug\database.nativecodeanalysis.xml
d:\c++\csit314\x64\debug\csit314.nativecodeanalysis.sarif
d:\c++\csit314\x64\debug\csit314.nativecodeanalysis.xml
d:\c++\csit314\x64\debug\exam.nativecodeanalysis.sarif
d:\c++\csit314\x64\debug\exam.nativecodeanalysis.xml
d:\c++\csit314\x64\debug\grade.nativecodeanalysis.sarif
d:\c++\csit314\x64\debug\grade.nativecodeanalysis.xml
d:\c++\csit314\x64\debug\parent.nativecodeanalysis.sarif
d:\c++\csit314\x64\debug\parent.nativecodeanalysis.xml
d:\c++\csit314\x64\debug\student.nativecodeanalysis.sarif
d:\c++\csit314\x64\debug\student.nativecodeanalysis.xml
d:\c++\csit314\x64\debug\subject.nativecodeanalysis.sarif
d:\c++\csit314\x64\debug\subject.nativecodeanalysis.xml
d:\c++\csit314\x64\debug\teacher.nativecodeanalysis.sarif
d:\c++\csit314\x64\debug\teacher.nativecodeanalysis.xml
d:\c++\csit314\x64\debug\user.nativecodeanalysis.sarif
d:\c++\csit314\x64\debug\user.nativecodeanalysis.xml
d:\c++\csit314\x64\debug\user.obj
d:\c++\csit314\x64\debug\teacher.obj
d:\c++\csit314\x64\debug\subject.obj
d:\c++\csit314\x64\debug\student.obj
d:\c++\csit314\x64\debug\parent.obj
d:\c++\csit314\x64\debug\grade.obj
d:\c++\csit314\x64\debug\exam.obj
d:\c++\csit314\x64\debug\csit314.obj
d:\c++\csit314\x64\debug\database.obj
d:\c++\csit314\x64\debug\admin.obj
d:\c++\csit314\x64\debug\csit314.ilk
d:\c++\csit314\x64\debug\csit314.exe
d:\c++\csit314\x64\debug\csit314.pdb
d:\c++\csit314\x64\debug\vc.nativecodeanalysis.all.xml
d:\c++\csit314\x64\debug\csit314.tlog\cl.command.1.tlog
d:\c++\csit314\x64\debug\csit314.tlog\cl.items.tlog
d:\c++\csit314\x64\debug\csit314.tlog\cl.read.1.tlog
d:\c++\csit314\x64\debug\csit314.tlog\cl.write.1.tlog
d:\c++\csit314\x64\debug\csit314.tlog\link.command.1.tlog
d:\c++\csit314\x64\debug\csit314.tlog\link.read.1.tlog
d:\c++\csit314\x64\debug\csit314.tlog\link.write.1.tlog
